#
# There is insufficient memory for the Java Runtime Environment to continue.
# Native memory allocation (malloc) failed to allocate 1136096 bytes. Error detail: Chunk::new
# Possible reasons:
#   The system is out of physical RAM or swap space
#   This process is running with CompressedOops enabled, and the Java Heap may be blocking the growth of the native heap
# Possible solutions:
#   Reduce memory load on the system
#   Increase physical memory or swap space
#   Check if swap backing store is full
#   Decrease Java heap size (-Xmx/-Xms)
#   Decrease number of Java threads
#   Decrease Java thread stack sizes (-Xss)
#   Set larger code cache with -XX:ReservedCodeCacheSize=
#   JVM is running with Unscaled Compressed Oops mode in which the Java heap is
#     placed in the first 4GB address space. The Java Heap base address is the
#     maximum limit for the native heap growth. Please use -XX:HeapBaseMinAddress
#     to set the Java Heap base and to place the Java Heap above 4GB virtual address.
# This output file may be truncated or incomplete.
#
#  Out of Memory Error (arena.cpp:168), pid=4884, tid=20524
#
# JRE version: OpenJDK Runtime Environment Microsoft-9388422 (21.0.3+9) (build 21.0.3+9-LTS)
# Java VM: OpenJDK 64-Bit Server VM Microsoft-9388422 (21.0.3+9-LTS, mixed mode, sharing, tiered, compressed oops, compressed class ptrs, g1 gc, windows-amd64)
# No core dump will be written. Minidumps are not enabled by default on client versions of Windows
#

---------------  S U M M A R Y ------------

Command Line: -ea -Didea.test.cyclic.buffer.size=1048576 -javaagent:C:\Users\Maksim Safonov\AppData\Local\Programs\IntelliJ IDEA Community Edition\lib\idea_rt.jar=58757:C:\Users\Maksim Safonov\AppData\Local\Programs\IntelliJ IDEA Community Edition\bin -Dfile.encoding=UTF-8 -Dsun.stdout.encoding=UTF-8 -Dsun.stderr.encoding=UTF-8 com.intellij.rt.junit.JUnitStarter -ideVersion5 -junit5 UserTests,getUsersList

Host: Intel(R) Core(TM) i5-10210U CPU @ 1.60GHz, 8 cores, 7G,  Windows 10 , 64 bit Build 19041 (10.0.19041.3636)
Time: Mon Jul 29 12:38:39 2024 RTZ 2 (s 10 , 64 bit Build 19041 (10.0.19041.3636) elapsed time: 6.362403 seconds (0d 0h 0m 6s)

---------------  T H R E A D  ---------------

Current thread (0x00000265fd6cff00):  JavaThread "C2 CompilerThread0" daemon [_thread_in_native, id=20524, stack(0x00000075e5e00000,0x00000075e5f00000) (1024K)]


Current CompileTask:
C2:   6362 3696   !   4       groovy.json.JsonLexer::nextToken (578 bytes)

Stack: [0x00000075e5e00000,0x00000075e5f00000]
Native frames: (J=compiled Java code, j=interpreted, Vv=VM code, C=native code)
V  [jvm.dll+0x6d8019]
V  [jvm.dll+0x8b3993]
V  [jvm.dll+0x8b5cee]
V  [jvm.dll+0x8b63d3]
V  [jvm.dll+0x285436]
V  [jvm.dll+0xc5fed]
V  [jvm.dll+0xc6523]
V  [jvm.dll+0x3be73b]
V  [jvm.dll+0x1e4b02]
V  [jvm.dll+0x24d9c4]
V  [jvm.dll+0x24ce41]
V  [jvm.dll+0x1cbe2a]
V  [jvm.dll+0x25c4b9]
V  [jvm.dll+0x25a8ab]
V  [jvm.dll+0x3f8da6]
V  [jvm.dll+0x85ca28]
V  [jvm.dll+0x6d685d]
C  [ucrtbase.dll+0x21bb2]
C  [KERNEL32.DLL+0x17344]
C  [ntdll.dll+0x4cc91]


---------------  P R O C E S S  ---------------

Threads class SMR info:
_java_thread_list=0x00000265fe3a1650, length=14, elements={
0x00000265e0b41590, 0x00000265fd6c6760, 0x00000265fd6c8ca0, 0x00000265fd6c9fd0,
0x00000265fd6cdcb0, 0x00000265fd6ce710, 0x00000265fd6cf170, 0x00000265fd6cff00,
0x00000265fd6d0db0, 0x00000265fd71ba30, 0x00000265fdaa0d00, 0x00000265fda24260,
0x00000265fe7faa40, 0x00000265fe6f8040
}

Java Threads: ( => current thread )
  0x00000265e0b41590 JavaThread "main"                              [_thread_in_Java, id=17400, stack(0x00000075e5000000,0x00000075e5100000) (1024K)]
  0x00000265fd6c6760 JavaThread "Reference Handler"          daemon [_thread_blocked, id=13624, stack(0x00000075e5800000,0x00000075e5900000) (1024K)]
  0x00000265fd6c8ca0 JavaThread "Finalizer"                  daemon [_thread_blocked, id=7360, stack(0x00000075e5900000,0x00000075e5a00000) (1024K)]
  0x00000265fd6c9fd0 JavaThread "Signal Dispatcher"          daemon [_thread_blocked, id=8932, stack(0x00000075e5a00000,0x00000075e5b00000) (1024K)]
  0x00000265fd6cdcb0 JavaThread "Attach Listener"            daemon [_thread_blocked, id=4812, stack(0x00000075e5b00000,0x00000075e5c00000) (1024K)]
  0x00000265fd6ce710 JavaThread "Service Thread"             daemon [_thread_blocked, id=13256, stack(0x00000075e5c00000,0x00000075e5d00000) (1024K)]
  0x00000265fd6cf170 JavaThread "Monitor Deflation Thread"   daemon [_thread_blocked, id=8332, stack(0x00000075e5d00000,0x00000075e5e00000) (1024K)]
=>0x00000265fd6cff00 JavaThread "C2 CompilerThread0"         daemon [_thread_in_native, id=20524, stack(0x00000075e5e00000,0x00000075e5f00000) (1024K)]
  0x00000265fd6d0db0 JavaThread "C1 CompilerThread0"         daemon [_thread_blocked, id=18140, stack(0x00000075e5f00000,0x00000075e6000000) (1024K)]
  0x00000265fd71ba30 JavaThread "Common-Cleaner"             daemon [_thread_blocked, id=16092, stack(0x00000075e6000000,0x00000075e6100000) (1024K)]
  0x00000265fdaa0d00 JavaThread "Monitor Ctrl-Break"         daemon [_thread_in_native, id=14512, stack(0x00000075e6100000,0x00000075e6200000) (1024K)]
  0x00000265fda24260 JavaThread "Notification Thread"        daemon [_thread_blocked, id=11800, stack(0x00000075e6200000,0x00000075e6300000) (1024K)]
  0x00000265fe7faa40 JavaThread "ForkJoinPool.commonPool-worker-1" daemon [_thread_blocked, id=2352, stack(0x00000075e6a00000,0x00000075e6b00000) (1024K)]
  0x00000265fe6f8040 JavaThread "ForkJoinPool.commonPool-worker-2" daemon [_thread_blocked, id=9424, stack(0x00000075e6b00000,0x00000075e6c00000) (1024K)]
Total: 14

Other Threads:
  0x00000265fd6a3c50 VMThread "VM Thread"                           [id=12900, stack(0x00000075e5700000,0x00000075e5800000) (1024K)]
  0x00000265fd68b460 WatcherThread "VM Periodic Task Thread"        [id=18328, stack(0x00000075e5600000,0x00000075e5700000) (1024K)]
  0x00000265e0b96720 WorkerThread "GC Thread#0"                     [id=14076, stack(0x00000075e5100000,0x00000075e5200000) (1024K)]
  0x00000265fe34ee40 WorkerThread "GC Thread#1"                     [id=12120, stack(0x00000075e6300000,0x00000075e6400000) (1024K)]
  0x00000265fe34f1e0 WorkerThread "GC Thread#2"                     [id=20244, stack(0x00000075e6400000,0x00000075e6500000) (1024K)]
  0x00000265fe3bc620 WorkerThread "GC Thread#3"                     [id=20456, stack(0x00000075e6500000,0x00000075e6600000) (1024K)]
  0x00000265fe3bc9c0 WorkerThread "GC Thread#4"                     [id=19236, stack(0x00000075e6600000,0x00000075e6700000) (1024K)]
  0x00000265fe3bd160 WorkerThread "GC Thread#5"                     [id=17304, stack(0x00000075e6700000,0x00000075e6800000) (1024K)]
  0x00000265fe3bd500 WorkerThread "GC Thread#6"                     [id=12568, stack(0x00000075e6800000,0x00000075e6900000) (1024K)]
  0x00000265fe3bfcc0 WorkerThread "GC Thread#7"                     [id=8856, stack(0x00000075e6900000,0x00000075e6a00000) (1024K)]
  0x00000265e0ba72c0 ConcurrentGCThread "G1 Main Marker"            [id=3596, stack(0x00000075e5200000,0x00000075e5300000) (1024K)]
  0x00000265e0ba7cd0 WorkerThread "G1 Conc#0"                       [id=17956, stack(0x00000075e5300000,0x00000075e5400000) (1024K)]
  0x00000265fd5630d0 ConcurrentGCThread "G1 Refine#0"               [id=11184, stack(0x00000075e5400000,0x00000075e5500000) (1024K)]
  0x00000265fd563b50 ConcurrentGCThread "G1 Service"                [id=8628, stack(0x00000075e5500000,0x00000075e5600000) (1024K)]
Total: 14

Threads with active compile tasks:
C2 CompilerThread0     6405 3696   !   4       groovy.json.JsonLexer::nextToken (578 bytes)
Total: 1

VM state: not at safepoint (normal execution)

VM Mutex/Monitor currently owned by a thread: None

Heap address: 0x0000000082800000, size: 2008 MB, Compressed Oops mode: 32-bit

CDS archive(s) mapped at: [0x0000026580000000-0x0000026580c90000-0x0000026580c90000), size 13172736, SharedBaseAddress: 0x0000026580000000, ArchiveRelocationMode: 1.
Compressed class space mapped at: 0x0000026581000000-0x00000265c1000000, reserved size: 1073741824
Narrow klass base: 0x0000026580000000, Narrow klass shift: 0, Narrow klass range: 0x100000000

GC Precious Log:
 CardTable entry size: 512
 Card Set container configuration: InlinePtr #cards 5 size 8 Array Of Cards #cards 12 size 40 Howl #buckets 4 coarsen threshold 1843 Howl Bitmap #cards 512 size 80 coarsen threshold 460 Card regions per heap region 1 cards per card region 2048
 CPUs: 8 total, 8 available
 Memory: 8025M
 Large Page Support: Disabled
 NUMA Support: Disabled
 Compressed Oops: Enabled (32-bit)
 Heap Region Size: 1M
 Heap Min Capacity: 8M
 Heap Initial Capacity: 126M
 Heap Max Capacity: 2008M
 Pre-touch: Disabled
 Parallel Workers: 8
 Concurrent Workers: 2
 Concurrent Refinement Workers: 8
 Periodic GC: Disabled

Heap:
 garbage-first heap   total 129024K, used 26233K [0x0000000082800000, 0x0000000100000000)
  region size 1024K, 6 young (6144K), 2 survivors (2048K)
 Metaspace       used 20152K, committed 20800K, reserved 1114112K
  class space    used 2393K, committed 2688K, reserved 1048576K

Heap Regions: E=young(eden), S=young(survivor), O=old, HS=humongous(starts), HC=humongous(continues), CS=collection set, F=free, TAMS=top-at-mark-start, PB=parsable bottom
|   0|0x0000000082800000, 0x0000000082900000, 0x0000000082900000|100%| O|  |TAMS 0x0000000082800000| PB 0x0000000082800000| Untracked 
|   1|0x0000000082900000, 0x0000000082a00000, 0x0000000082a00000|100%| O|  |TAMS 0x0000000082900000| PB 0x0000000082900000| Untracked 
|   2|0x0000000082a00000, 0x0000000082b00000, 0x0000000082b00000|100%| O|  |TAMS 0x0000000082a00000| PB 0x0000000082a00000| Untracked 
|   3|0x0000000082b00000, 0x0000000082c00000, 0x0000000082c00000|100%| O|  |TAMS 0x0000000082b00000| PB 0x0000000082b00000| Untracked 
|   4|0x0000000082c00000, 0x0000000082d00000, 0x0000000082d00000|100%| O|  |TAMS 0x0000000082c00000| PB 0x0000000082c00000| Untracked 
|   5|0x0000000082d00000, 0x0000000082e00000, 0x0000000082e00000|100%| O|  |TAMS 0x0000000082d00000| PB 0x0000000082d00000| Untracked 
|   6|0x0000000082e00000, 0x0000000082f00000, 0x0000000082f00000|100%| O|  |TAMS 0x0000000082e00000| PB 0x0000000082e00000| Untracked 
|   7|0x0000000082f00000, 0x0000000083000000, 0x0000000083000000|100%| O|  |TAMS 0x0000000082f00000| PB 0x0000000082f00000| Untracked 
|   8|0x0000000083000000, 0x0000000083100000, 0x0000000083100000|100%| O|  |TAMS 0x0000000083000000| PB 0x0000000083000000| Untracked 
|   9|0x0000000083100000, 0x0000000083200000, 0x0000000083200000|100%| O|  |TAMS 0x0000000083100000| PB 0x0000000083100000| Untracked 
|  10|0x0000000083200000, 0x0000000083300000, 0x0000000083300000|100%| O|  |TAMS 0x0000000083200000| PB 0x0000000083200000| Untracked 
|  11|0x0000000083300000, 0x0000000083400000, 0x0000000083400000|100%| O|  |TAMS 0x0000000083300000| PB 0x0000000083300000| Untracked 
|  12|0x0000000083400000, 0x0000000083500000, 0x0000000083500000|100%| O|  |TAMS 0x0000000083400000| PB 0x0000000083400000| Untracked 
|  13|0x0000000083500000, 0x0000000083600000, 0x0000000083600000|100%| O|  |TAMS 0x0000000083500000| PB 0x0000000083500000| Untracked 
|  14|0x0000000083600000, 0x0000000083700000, 0x0000000083700000|100%| O|  |TAMS 0x0000000083600000| PB 0x0000000083600000| Untracked 
|  15|0x0000000083700000, 0x0000000083800000, 0x0000000083800000|100%| O|  |TAMS 0x0000000083700000| PB 0x0000000083700000| Untracked 
|  16|0x0000000083800000, 0x0000000083900000, 0x0000000083900000|100%| O|  |TAMS 0x0000000083800000| PB 0x0000000083800000| Untracked 
|  17|0x0000000083900000, 0x0000000083a00000, 0x0000000083a00000|100%| O|  |TAMS 0x0000000083900000| PB 0x0000000083900000| Untracked 
|  18|0x0000000083a00000, 0x0000000083b00000, 0x0000000083b00000|100%| O|  |TAMS 0x0000000083a00000| PB 0x0000000083a00000| Untracked 
|  19|0x0000000083b00000, 0x0000000083c00000, 0x0000000083c00000|100%| O|  |TAMS 0x0000000083b00000| PB 0x0000000083b00000| Untracked 
|  20|0x0000000083c00000, 0x0000000083c9e6f0, 0x0000000083d00000| 61%| O|  |TAMS 0x0000000083c00000| PB 0x0000000083c00000| Untracked 
|  21|0x0000000083d00000, 0x0000000083d00000, 0x0000000083e00000|  0%| F|  |TAMS 0x0000000083d00000| PB 0x0000000083d00000| Untracked 
|  22|0x0000000083e00000, 0x0000000083e00000, 0x0000000083f00000|  0%| F|  |TAMS 0x0000000083e00000| PB 0x0000000083e00000| Untracked 
|  23|0x0000000083f00000, 0x0000000083f00000, 0x0000000084000000|  0%| F|  |TAMS 0x0000000083f00000| PB 0x0000000083f00000| Untracked 
|  24|0x0000000084000000, 0x0000000084000000, 0x0000000084100000|  0%| F|  |TAMS 0x0000000084000000| PB 0x0000000084000000| Untracked 
|  25|0x0000000084100000, 0x0000000084100000, 0x0000000084200000|  0%| F|  |TAMS 0x0000000084100000| PB 0x0000000084100000| Untracked 
|  26|0x0000000084200000, 0x0000000084200000, 0x0000000084300000|  0%| F|  |TAMS 0x0000000084200000| PB 0x0000000084200000| Untracked 
|  27|0x0000000084300000, 0x0000000084300000, 0x0000000084400000|  0%| F|  |TAMS 0x0000000084300000| PB 0x0000000084300000| Untracked 
|  28|0x0000000084400000, 0x0000000084400000, 0x0000000084500000|  0%| F|  |TAMS 0x0000000084400000| PB 0x0000000084400000| Untracked 
|  29|0x0000000084500000, 0x0000000084500000, 0x0000000084600000|  0%| F|  |TAMS 0x0000000084500000| PB 0x0000000084500000| Untracked 
|  30|0x0000000084600000, 0x0000000084600000, 0x0000000084700000|  0%| F|  |TAMS 0x0000000084600000| PB 0x0000000084600000| Untracked 
|  31|0x0000000084700000, 0x0000000084700000, 0x0000000084800000|  0%| F|  |TAMS 0x0000000084700000| PB 0x0000000084700000| Untracked 
|  32|0x0000000084800000, 0x0000000084800000, 0x0000000084900000|  0%| F|  |TAMS 0x0000000084800000| PB 0x0000000084800000| Untracked 
|  33|0x0000000084900000, 0x0000000084900000, 0x0000000084a00000|  0%| F|  |TAMS 0x0000000084900000| PB 0x0000000084900000| Untracked 
|  34|0x0000000084a00000, 0x0000000084a00000, 0x0000000084b00000|  0%| F|  |TAMS 0x0000000084a00000| PB 0x0000000084a00000| Untracked 
|  35|0x0000000084b00000, 0x0000000084b00000, 0x0000000084c00000|  0%| F|  |TAMS 0x0000000084b00000| PB 0x0000000084b00000| Untracked 
|  36|0x0000000084c00000, 0x0000000084c00000, 0x0000000084d00000|  0%| F|  |TAMS 0x0000000084c00000| PB 0x0000000084c00000| Untracked 
|  37|0x0000000084d00000, 0x0000000084d00000, 0x0000000084e00000|  0%| F|  |TAMS 0x0000000084d00000| PB 0x0000000084d00000| Untracked 
|  38|0x0000000084e00000, 0x0000000084e00000, 0x0000000084f00000|  0%| F|  |TAMS 0x0000000084e00000| PB 0x0000000084e00000| Untracked 
|  39|0x0000000084f00000, 0x0000000084f00000, 0x0000000085000000|  0%| F|  |TAMS 0x0000000084f00000| PB 0x0000000084f00000| Untracked 
|  40|0x0000000085000000, 0x0000000085000000, 0x0000000085100000|  0%| F|  |TAMS 0x0000000085000000| PB 0x0000000085000000| Untracked 
|  41|0x0000000085100000, 0x0000000085100000, 0x0000000085200000|  0%| F|  |TAMS 0x0000000085100000| PB 0x0000000085100000| Untracked 
|  42|0x0000000085200000, 0x0000000085200000, 0x0000000085300000|  0%| F|  |TAMS 0x0000000085200000| PB 0x0000000085200000| Untracked 
|  43|0x0000000085300000, 0x0000000085300000, 0x0000000085400000|  0%| F|  |TAMS 0x0000000085300000| PB 0x0000000085300000| Untracked 
|  44|0x0000000085400000, 0x0000000085400000, 0x0000000085500000|  0%| F|  |TAMS 0x0000000085400000| PB 0x0000000085400000| Untracked 
|  45|0x0000000085500000, 0x0000000085500000, 0x0000000085600000|  0%| F|  |TAMS 0x0000000085500000| PB 0x0000000085500000| Untracked 
|  46|0x0000000085600000, 0x0000000085600000, 0x0000000085700000|  0%| F|  |TAMS 0x0000000085600000| PB 0x0000000085600000| Untracked 
|  47|0x0000000085700000, 0x0000000085700000, 0x0000000085800000|  0%| F|  |TAMS 0x0000000085700000| PB 0x0000000085700000| Untracked 
|  48|0x0000000085800000, 0x0000000085800000, 0x0000000085900000|  0%| F|  |TAMS 0x0000000085800000| PB 0x0000000085800000| Untracked 
|  49|0x0000000085900000, 0x0000000085a00000, 0x0000000085a00000|100%| S|CS|TAMS 0x0000000085900000| PB 0x0000000085900000| Complete 
|  50|0x0000000085a00000, 0x0000000085b00000, 0x0000000085b00000|100%| S|CS|TAMS 0x0000000085a00000| PB 0x0000000085a00000| Complete 
|  51|0x0000000085b00000, 0x0000000085b00000, 0x0000000085c00000|  0%| F|  |TAMS 0x0000000085b00000| PB 0x0000000085b00000| Untracked 
|  52|0x0000000085c00000, 0x0000000085c00000, 0x0000000085d00000|  0%| F|  |TAMS 0x0000000085c00000| PB 0x0000000085c00000| Untracked 
|  53|0x0000000085d00000, 0x0000000085d00000, 0x0000000085e00000|  0%| F|  |TAMS 0x0000000085d00000| PB 0x0000000085d00000| Untracked 
|  54|0x0000000085e00000, 0x0000000085e00000, 0x0000000085f00000|  0%| F|  |TAMS 0x0000000085e00000| PB 0x0000000085e00000| Untracked 
|  55|0x0000000085f00000, 0x0000000085f00000, 0x0000000086000000|  0%| F|  |TAMS 0x0000000085f00000| PB 0x0000000085f00000| Untracked 
|  56|0x0000000086000000, 0x0000000086000000, 0x0000000086100000|  0%| F|  |TAMS 0x0000000086000000| PB 0x0000000086000000| Untracked 
|  57|0x0000000086100000, 0x0000000086100000, 0x0000000086200000|  0%| F|  |TAMS 0x0000000086100000| PB 0x0000000086100000| Untracked 
|  58|0x0000000086200000, 0x0000000086200000, 0x0000000086300000|  0%| F|  |TAMS 0x0000000086200000| PB 0x0000000086200000| Untracked 
|  59|0x0000000086300000, 0x0000000086300000, 0x0000000086400000|  0%| F|  |TAMS 0x0000000086300000| PB 0x0000000086300000| Untracked 
|  60|0x0000000086400000, 0x0000000086400000, 0x0000000086500000|  0%| F|  |TAMS 0x0000000086400000| PB 0x0000000086400000| Untracked 
|  61|0x0000000086500000, 0x0000000086500000, 0x0000000086600000|  0%| F|  |TAMS 0x0000000086500000| PB 0x0000000086500000| Untracked 
|  62|0x0000000086600000, 0x0000000086600000, 0x0000000086700000|  0%| F|  |TAMS 0x0000000086600000| PB 0x0000000086600000| Untracked 
|  63|0x0000000086700000, 0x0000000086700000, 0x0000000086800000|  0%| F|  |TAMS 0x0000000086700000| PB 0x0000000086700000| Untracked 
|  64|0x0000000086800000, 0x0000000086800000, 0x0000000086900000|  0%| F|  |TAMS 0x0000000086800000| PB 0x0000000086800000| Untracked 
|  65|0x0000000086900000, 0x0000000086900000, 0x0000000086a00000|  0%| F|  |TAMS 0x0000000086900000| PB 0x0000000086900000| Untracked 
|  66|0x0000000086a00000, 0x0000000086a00000, 0x0000000086b00000|  0%| F|  |TAMS 0x0000000086a00000| PB 0x0000000086a00000| Untracked 
|  67|0x0000000086b00000, 0x0000000086b00000, 0x0000000086c00000|  0%| F|  |TAMS 0x0000000086b00000| PB 0x0000000086b00000| Untracked 
|  68|0x0000000086c00000, 0x0000000086c00000, 0x0000000086d00000|  0%| F|  |TAMS 0x0000000086c00000| PB 0x0000000086c00000| Untracked 
|  69|0x0000000086d00000, 0x0000000086d00000, 0x0000000086e00000|  0%| F|  |TAMS 0x0000000086d00000| PB 0x0000000086d00000| Untracked 
|  70|0x0000000086e00000, 0x0000000086e00000, 0x0000000086f00000|  0%| F|  |TAMS 0x0000000086e00000| PB 0x0000000086e00000| Untracked 
|  71|0x0000000086f00000, 0x0000000086f00000, 0x0000000087000000|  0%| F|  |TAMS 0x0000000086f00000| PB 0x0000000086f00000| Untracked 
|  72|0x0000000087000000, 0x0000000087000000, 0x0000000087100000|  0%| F|  |TAMS 0x0000000087000000| PB 0x0000000087000000| Untracked 
|  73|0x0000000087100000, 0x0000000087100000, 0x0000000087200000|  0%| F|  |TAMS 0x0000000087100000| PB 0x0000000087100000| Untracked 
|  74|0x0000000087200000, 0x0000000087200000, 0x0000000087300000|  0%| F|  |TAMS 0x0000000087200000| PB 0x0000000087200000| Untracked 
|  75|0x0000000087300000, 0x0000000087300000, 0x0000000087400000|  0%| F|  |TAMS 0x0000000087300000| PB 0x0000000087300000| Untracked 
|  76|0x0000000087400000, 0x0000000087400000, 0x0000000087500000|  0%| F|  |TAMS 0x0000000087400000| PB 0x0000000087400000| Untracked 
|  77|0x0000000087500000, 0x0000000087500000, 0x0000000087600000|  0%| F|  |TAMS 0x0000000087500000| PB 0x0000000087500000| Untracked 
|  78|0x0000000087600000, 0x0000000087600000, 0x0000000087700000|  0%| F|  |TAMS 0x0000000087600000| PB 0x0000000087600000| Untracked 
|  79|0x0000000087700000, 0x0000000087700000, 0x0000000087800000|  0%| F|  |TAMS 0x0000000087700000| PB 0x0000000087700000| Untracked 
|  80|0x0000000087800000, 0x0000000087800000, 0x0000000087900000|  0%| F|  |TAMS 0x0000000087800000| PB 0x0000000087800000| Untracked 
|  81|0x0000000087900000, 0x0000000087900000, 0x0000000087a00000|  0%| F|  |TAMS 0x0000000087900000| PB 0x0000000087900000| Untracked 
|  82|0x0000000087a00000, 0x0000000087a00000, 0x0000000087b00000|  0%| F|  |TAMS 0x0000000087a00000| PB 0x0000000087a00000| Untracked 
|  83|0x0000000087b00000, 0x0000000087b00000, 0x0000000087c00000|  0%| F|  |TAMS 0x0000000087b00000| PB 0x0000000087b00000| Untracked 
|  84|0x0000000087c00000, 0x0000000087c00000, 0x0000000087d00000|  0%| F|  |TAMS 0x0000000087c00000| PB 0x0000000087c00000| Untracked 
|  85|0x0000000087d00000, 0x0000000087d00000, 0x0000000087e00000|  0%| F|  |TAMS 0x0000000087d00000| PB 0x0000000087d00000| Untracked 
|  86|0x0000000087e00000, 0x0000000087e00000, 0x0000000087f00000|  0%| F|  |TAMS 0x0000000087e00000| PB 0x0000000087e00000| Untracked 
|  87|0x0000000087f00000, 0x0000000087f00000, 0x0000000088000000|  0%| F|  |TAMS 0x0000000087f00000| PB 0x0000000087f00000| Untracked 
|  88|0x0000000088000000, 0x0000000088000000, 0x0000000088100000|  0%| F|  |TAMS 0x0000000088000000| PB 0x0000000088000000| Untracked 
|  89|0x0000000088100000, 0x0000000088100000, 0x0000000088200000|  0%| F|  |TAMS 0x0000000088100000| PB 0x0000000088100000| Untracked 
|  90|0x0000000088200000, 0x0000000088200000, 0x0000000088300000|  0%| F|  |TAMS 0x0000000088200000| PB 0x0000000088200000| Untracked 
|  91|0x0000000088300000, 0x0000000088300000, 0x0000000088400000|  0%| F|  |TAMS 0x0000000088300000| PB 0x0000000088300000| Untracked 
|  92|0x0000000088400000, 0x0000000088400000, 0x0000000088500000|  0%| F|  |TAMS 0x0000000088400000| PB 0x0000000088400000| Untracked 
|  93|0x0000000088500000, 0x0000000088500000, 0x0000000088600000|  0%| F|  |TAMS 0x0000000088500000| PB 0x0000000088500000| Untracked 
|  94|0x0000000088600000, 0x0000000088600000, 0x0000000088700000|  0%| F|  |TAMS 0x0000000088600000| PB 0x0000000088600000| Untracked 
|  95|0x0000000088700000, 0x0000000088700000, 0x0000000088800000|  0%| F|  |TAMS 0x0000000088700000| PB 0x0000000088700000| Untracked 
|  96|0x0000000088800000, 0x0000000088800000, 0x0000000088900000|  0%| F|  |TAMS 0x0000000088800000| PB 0x0000000088800000| Untracked 
|  97|0x0000000088900000, 0x0000000088900000, 0x0000000088a00000|  0%| F|  |TAMS 0x0000000088900000| PB 0x0000000088900000| Untracked 
|  98|0x0000000088a00000, 0x0000000088a00000, 0x0000000088b00000|  0%| F|  |TAMS 0x0000000088a00000| PB 0x0000000088a00000| Untracked 
|  99|0x0000000088b00000, 0x0000000088b00000, 0x0000000088c00000|  0%| F|  |TAMS 0x0000000088b00000| PB 0x0000000088b00000| Untracked 
| 100|0x0000000088c00000, 0x0000000088c00000, 0x0000000088d00000|  0%| F|  |TAMS 0x0000000088c00000| PB 0x0000000088c00000| Untracked 
| 101|0x0000000088d00000, 0x0000000088d00000, 0x0000000088e00000|  0%| F|  |TAMS 0x0000000088d00000| PB 0x0000000088d00000| Untracked 
| 102|0x0000000088e00000, 0x0000000088e00000, 0x0000000088f00000|  0%| F|  |TAMS 0x0000000088e00000| PB 0x0000000088e00000| Untracked 
| 103|0x0000000088f00000, 0x0000000088f00000, 0x0000000089000000|  0%| F|  |TAMS 0x0000000088f00000| PB 0x0000000088f00000| Untracked 
| 104|0x0000000089000000, 0x0000000089000000, 0x0000000089100000|  0%| F|  |TAMS 0x0000000089000000| PB 0x0000000089000000| Untracked 
| 105|0x0000000089100000, 0x0000000089100000, 0x0000000089200000|  0%| F|  |TAMS 0x0000000089100000| PB 0x0000000089100000| Untracked 
| 106|0x0000000089200000, 0x0000000089200000, 0x0000000089300000|  0%| F|  |TAMS 0x0000000089200000| PB 0x0000000089200000| Untracked 
| 107|0x0000000089300000, 0x0000000089300000, 0x0000000089400000|  0%| F|  |TAMS 0x0000000089300000| PB 0x0000000089300000| Untracked 
| 108|0x0000000089400000, 0x0000000089400000, 0x0000000089500000|  0%| F|  |TAMS 0x0000000089400000| PB 0x0000000089400000| Untracked 
| 109|0x0000000089500000, 0x0000000089500000, 0x0000000089600000|  0%| F|  |TAMS 0x0000000089500000| PB 0x0000000089500000| Untracked 
| 110|0x0000000089600000, 0x0000000089600000, 0x0000000089700000|  0%| F|  |TAMS 0x0000000089600000| PB 0x0000000089600000| Untracked 
| 111|0x0000000089700000, 0x0000000089700000, 0x0000000089800000|  0%| F|  |TAMS 0x0000000089700000| PB 0x0000000089700000| Untracked 
| 112|0x0000000089800000, 0x0000000089800000, 0x0000000089900000|  0%| F|  |TAMS 0x0000000089800000| PB 0x0000000089800000| Untracked 
| 113|0x0000000089900000, 0x0000000089900000, 0x0000000089a00000|  0%| F|  |TAMS 0x0000000089900000| PB 0x0000000089900000| Untracked 
| 114|0x0000000089a00000, 0x0000000089a00000, 0x0000000089b00000|  0%| F|  |TAMS 0x0000000089a00000| PB 0x0000000089a00000| Untracked 
| 115|0x0000000089b00000, 0x0000000089b00000, 0x0000000089c00000|  0%| F|  |TAMS 0x0000000089b00000| PB 0x0000000089b00000| Untracked 
| 116|0x0000000089c00000, 0x0000000089c00000, 0x0000000089d00000|  0%| F|  |TAMS 0x0000000089c00000| PB 0x0000000089c00000| Untracked 
| 117|0x0000000089d00000, 0x0000000089d00000, 0x0000000089e00000|  0%| F|  |TAMS 0x0000000089d00000| PB 0x0000000089d00000| Untracked 
| 118|0x0000000089e00000, 0x0000000089e00000, 0x0000000089f00000|  0%| F|  |TAMS 0x0000000089e00000| PB 0x0000000089e00000| Untracked 
| 119|0x0000000089f00000, 0x0000000089f00000, 0x000000008a000000|  0%| F|  |TAMS 0x0000000089f00000| PB 0x0000000089f00000| Untracked 
| 120|0x000000008a000000, 0x000000008a000000, 0x000000008a100000|  0%| F|  |TAMS 0x000000008a000000| PB 0x000000008a000000| Untracked 
| 121|0x000000008a100000, 0x000000008a100000, 0x000000008a200000|  0%| F|  |TAMS 0x000000008a100000| PB 0x000000008a100000| Untracked 
| 122|0x000000008a200000, 0x000000008a300000, 0x000000008a300000|100%| E|  |TAMS 0x000000008a200000| PB 0x000000008a200000| Complete 
| 123|0x000000008a300000, 0x000000008a400000, 0x000000008a400000|100%| E|CS|TAMS 0x000000008a300000| PB 0x000000008a300000| Complete 
| 124|0x000000008a400000, 0x000000008a500000, 0x000000008a500000|100%| E|CS|TAMS 0x000000008a400000| PB 0x000000008a400000| Complete 
| 125|0x000000008a500000, 0x000000008a600000, 0x000000008a600000|100%| E|CS|TAMS 0x000000008a500000| PB 0x000000008a500000| Complete 

Card table byte_map: [0x00000265f8960000,0x00000265f8d50000] _byte_map_base: 0x00000265f854c000

Marking Bits: (CMBitMap*) 0x00000265e0b96d30
 Bits: [0x00000265f8d50000, 0x00000265facb0000)

Polling page: 0x00000265e0310000

Metaspace:

Usage:
  Non-class:     17.34 MB used.
      Class:      2.34 MB used.
       Both:     19.68 MB used.

Virtual space:
  Non-class space:       64.00 MB reserved,      17.69 MB ( 28%) committed,  1 nodes.
      Class space:        1.00 GB reserved,       2.62 MB ( <1%) committed,  1 nodes.
             Both:        1.06 GB reserved,      20.31 MB (  2%) committed. 

Chunk freelists:
   Non-Class:  13.54 MB
       Class:  13.24 MB
        Both:  26.79 MB

MaxMetaspaceSize: unlimited
CompressedClassSpaceSize: 1.00 GB
Initial GC threshold: 21.00 MB
Current GC threshold: 21.00 MB
CDS: on
 - commit_granule_bytes: 65536.
 - commit_granule_words: 8192.
 - virtual_space_node_default_size: 8388608.
 - enlarge_chunks_in_place: 1.
 - use_allocation_guard: 0.


Internal statistics:

num_allocs_failed_limit: 0.
num_arena_births: 652.
num_arena_deaths: 0.
num_vsnodes_births: 2.
num_vsnodes_deaths: 0.
num_space_committed: 325.
num_space_uncommitted: 0.
num_chunks_returned_to_freelist: 0.
num_chunks_taken_from_freelist: 1380.
num_chunk_merges: 0.
num_chunk_splits: 834.
num_chunks_enlarged: 488.
num_inconsistent_stats: 0.

CodeHeap 'non-profiled nmethods': size=120000Kb used=1427Kb max_used=1427Kb free=118573Kb
 bounds [0x00000265f0d00000, 0x00000265f0f70000, 0x00000265f8230000]
CodeHeap 'profiled nmethods': size=120000Kb used=7836Kb max_used=7836Kb free=112163Kb
 bounds [0x00000265e9230000, 0x00000265e99e0000, 0x00000265f0760000]
CodeHeap 'non-nmethods': size=5760Kb used=2627Kb max_used=2661Kb free=3132Kb
 bounds [0x00000265f0760000, 0x00000265f0a00000, 0x00000265f0d00000]
 total_blobs=4457 nmethods=3681 adapters=680
 compilation: enabled
              stopped_count=0, restarted_count=0
 full_count=0

Compilation events (20 events):
Event: 5.998 Thread 0x00000265fd6d0db0 3701       3       java.lang.StringUTF16::checkBoundsBeginEnd (10 bytes)
Event: 5.999 Thread 0x00000265fd6d0db0 nmethod 3701 0x00000265e99d1490 code [0x00000265e99d1660, 0x00000265e99d1978]
Event: 6.003 Thread 0x00000265fd6d0db0 3703       3       java.lang.StringUTF16::putChars (24 bytes)
Event: 6.003 Thread 0x00000265fd6d0db0 nmethod 3703 0x00000265e99d1b10 code [0x00000265e99d1cc0, 0x00000265e99d1e90]
Event: 6.014 Thread 0x00000265fd6d0db0 3704       2       java.lang.StringUTF16::compress (59 bytes)
Event: 6.015 Thread 0x00000265fd6d0db0 nmethod 3704 0x00000265e99d2010 code [0x00000265e99d21c0, 0x00000265e99d23e8]
Event: 6.077 Thread 0x00000265fd6d0db0 3711       2       java.math.MutableBigInteger::<init> (22 bytes)
Event: 6.077 Thread 0x00000265fd6d0db0 nmethod 3711 0x00000265e99d2610 code [0x00000265e99d27c0, 0x00000265e99d29c0]
Event: 6.208 Thread 0x00000265fd6d0db0 3717       3       java.lang.StringUTF16::inflate (42 bytes)
Event: 6.209 Thread 0x00000265fd6d0db0 nmethod 3717 0x00000265e99d2a90 code [0x00000265e99d2c80, 0x00000265e99d30c8]
Event: 6.291 Thread 0x00000265fd6d0db0 3720       2       java.math.BigDecimal::fullFloatValue (282 bytes)
Event: 6.293 Thread 0x00000265fd6d0db0 nmethod 3720 0x00000265e99d3310 code [0x00000265e99d3660, 0x00000265e99d3fa8]
Event: 6.293 Thread 0x00000265fd6d0db0 3721       2       java.math.MutableBigInteger::getMagnitudeArray (69 bytes)
Event: 6.294 Thread 0x00000265fd6d0db0 nmethod 3721 0x00000265e99d4790 code [0x00000265e99d49e0, 0x00000265e99d5068]
Event: 6.319 Thread 0x00000265fd6d0db0 3724       3       java.lang.StringLatin1::inflate (10 bytes)
Event: 6.319 Thread 0x00000265fd6d0db0 nmethod 3724 0x00000265e99d5390 code [0x00000265e99d5540, 0x00000265e99d5658]
Event: 6.319 Thread 0x00000265fd6d0db0 3723       3       java.lang.StringUTF16::newBytesFor (61 bytes)
Event: 6.320 Thread 0x00000265fd6d0db0 nmethod 3723 0x00000265e99d5710 code [0x00000265e99d5980, 0x00000265e99d61c0]
Event: 6.320 Thread 0x00000265fd6d0db0 3725       3       java.lang.AbstractStringBuilder::inflate (42 bytes)
Event: 6.320 Thread 0x00000265fd6d0db0 nmethod 3725 0x00000265e99d6510 code [0x00000265e99d66e0, 0x00000265e99d6a10]

GC Heap History (7 events):
Event: 2.095 GC heap before
{Heap before GC invocations=0 (full 0):
 garbage-first heap   total 129024K, used 22528K [0x0000000082800000, 0x0000000100000000)
  region size 1024K, 23 young (23552K), 0 survivors (0K)
 Metaspace       used 7054K, committed 7232K, reserved 1114112K
  class space    used 814K, committed 896K, reserved 1048576K
}
Event: 2.109 GC heap after
{Heap after GC invocations=1 (full 0):
 garbage-first heap   total 129024K, used 4096K [0x0000000082800000, 0x0000000100000000)
  region size 1024K, 3 young (3072K), 3 survivors (3072K)
 Metaspace       used 7054K, committed 7232K, reserved 1114112K
  class space    used 814K, committed 896K, reserved 1048576K
}
Event: 3.454 GC heap before
{Heap before GC invocations=1 (full 0):
 garbage-first heap   total 129024K, used 37888K [0x0000000082800000, 0x0000000100000000)
  region size 1024K, 34 young (34816K), 3 survivors (3072K)
 Metaspace       used 13040K, committed 13440K, reserved 1114112K
  class space    used 1476K, committed 1664K, reserved 1048576K
}
Event: 3.476 GC heap after
{Heap after GC invocations=2 (full 0):
 garbage-first heap   total 129024K, used 11264K [0x0000000082800000, 0x0000000100000000)
  region size 1024K, 5 young (5120K), 5 survivors (5120K)
 Metaspace       used 13040K, committed 13440K, reserved 1114112K
  class space    used 1476K, committed 1664K, reserved 1048576K
}
Event: 5.601 GC heap before
{Heap before GC invocations=2 (full 0):
 garbage-first heap   total 129024K, used 70656K [0x0000000082800000, 0x0000000100000000)
  region size 1024K, 64 young (65536K), 5 survivors (5120K)
 Metaspace       used 20074K, committed 20736K, reserved 1114112K
  class space    used 2390K, committed 2688K, reserved 1048576K
}
Event: 5.631 GC heap after
{Heap after GC invocations=3 (full 0):
 garbage-first heap   total 129024K, used 20935K [0x0000000082800000, 0x0000000100000000)
  region size 1024K, 8 young (8192K), 8 survivors (8192K)
 Metaspace       used 20074K, committed 20736K, reserved 1114112K
  class space    used 2390K, committed 2688K, reserved 1048576K
}
Event: 6.357 GC heap before
{Heap before GC invocations=3 (full 0):
 garbage-first heap   total 129024K, used 89543K [0x0000000082800000, 0x0000000100000000)
  region size 1024K, 75 young (76800K), 8 survivors (8192K)
 Metaspace       used 20151K, committed 20800K, reserved 1114112K
  class space    used 2393K, committed 2688K, reserved 1048576K
}

Dll operation events (12 events):
Event: 0.037 Loaded shared library C:\Program Files\Microsoft\jdk-21.0.3.9-hotspot\bin\java.dll
Event: 0.185 Loaded shared library C:\Program Files\Microsoft\jdk-21.0.3.9-hotspot\bin\jsvml.dll
Event: 0.300 Loaded shared library C:\Program Files\Microsoft\jdk-21.0.3.9-hotspot\bin\zip.dll
Event: 0.313 Loaded shared library C:\Program Files\Microsoft\jdk-21.0.3.9-hotspot\bin\instrument.dll
Event: 0.325 Loaded shared library C:\Program Files\Microsoft\jdk-21.0.3.9-hotspot\bin\net.dll
Event: 0.329 Loaded shared library C:\Program Files\Microsoft\jdk-21.0.3.9-hotspot\bin\nio.dll
Event: 0.337 Loaded shared library C:\Program Files\Microsoft\jdk-21.0.3.9-hotspot\bin\zip.dll
Event: 0.362 Loaded shared library C:\Users\Maksim Safonov\AppData\Local\Programs\IntelliJ IDEA Community Edition\bin\breakgen64.dll
Event: 0.385 Loaded shared library C:\Program Files\Microsoft\jdk-21.0.3.9-hotspot\bin\extnet.dll
Event: 0.550 Loaded shared library C:\Program Files\Microsoft\jdk-21.0.3.9-hotspot\bin\jimage.dll
Event: 1.716 Loaded shared library C:\Program Files\Microsoft\jdk-21.0.3.9-hotspot\bin\verify.dll
Event: 4.213 Loaded shared library C:\Program Files\Microsoft\jdk-21.0.3.9-hotspot\bin\sunmscapi.dll

Deoptimization events (20 events):
Event: 5.698 Thread 0x00000265e0b41590 Uncommon trap: trap_request=0xffffff45 fr.pc=0x00000265f0e477f4 relative=0x00000000000002b4
Event: 5.699 Thread 0x00000265e0b41590 Uncommon trap: reason=unstable_if action=reinterpret pc=0x00000265f0e477f4 method=java.io.BufferedReader.implRead()I @ 12 c2
Event: 5.699 Thread 0x00000265e0b41590 DEOPT PACKING pc=0x00000265f0e477f4 sp=0x00000075e50fb8c0
Event: 5.699 Thread 0x00000265e0b41590 DEOPT UNPACKING pc=0x00000265f07b46a2 sp=0x00000075e50fb7f8 mode 2
Event: 5.739 Thread 0x00000265e0b41590 Uncommon trap: trap_request=0xffffff45 fr.pc=0x00000265f0d3d2f4 relative=0x0000000000000514
Event: 5.739 Thread 0x00000265e0b41590 Uncommon trap: reason=unstable_if action=reinterpret pc=0x00000265f0d3d2f4 method=java.lang.StringLatin1.canEncode(I)Z @ 4 c2
Event: 5.739 Thread 0x00000265e0b41590 DEOPT PACKING pc=0x00000265f0d3d2f4 sp=0x00000075e50fb530
Event: 5.739 Thread 0x00000265e0b41590 DEOPT UNPACKING pc=0x00000265f07b46a2 sp=0x00000075e50fb4b0 mode 2
Event: 5.739 Thread 0x00000265e0b41590 Uncommon trap: trap_request=0xffffff45 fr.pc=0x00000265f0d1de0c relative=0x000000000000006c
Event: 5.739 Thread 0x00000265e0b41590 Uncommon trap: reason=unstable_if action=reinterpret pc=0x00000265f0d1de0c method=java.lang.AbstractStringBuilder.isLatin1()Z @ 10 c2
Event: 5.739 Thread 0x00000265e0b41590 DEOPT PACKING pc=0x00000265f0d1de0c sp=0x00000075e50fb520
Event: 5.739 Thread 0x00000265e0b41590 DEOPT UNPACKING pc=0x00000265f07b46a2 sp=0x00000075e50fb4b0 mode 2
Event: 5.739 Thread 0x00000265e0b41590 Uncommon trap: trap_request=0xffffff45 fr.pc=0x00000265f0d7d29c relative=0x00000000000004dc
Event: 5.739 Thread 0x00000265e0b41590 Uncommon trap: reason=unstable_if action=reinterpret pc=0x00000265f0d7d29c method=java.lang.AbstractStringBuilder.isLatin1()Z @ 10 c2
Event: 5.739 Thread 0x00000265e0b41590 DEOPT PACKING pc=0x00000265f0d7d29c sp=0x00000075e50fb540
Event: 5.739 Thread 0x00000265e0b41590 DEOPT UNPACKING pc=0x00000265f07b46a2 sp=0x00000075e50fb490 mode 2
Event: 5.739 Thread 0x00000265e0b41590 Uncommon trap: trap_request=0xffffff45 fr.pc=0x00000265f0d446bc relative=0x000000000000065c
Event: 5.739 Thread 0x00000265e0b41590 Uncommon trap: reason=unstable_if action=reinterpret pc=0x00000265f0d446bc method=java.lang.String.substring(II)Ljava/lang/String; @ 31 c2
Event: 5.739 Thread 0x00000265e0b41590 DEOPT PACKING pc=0x00000265f0d446bc sp=0x00000075e50fa8f0
Event: 5.739 Thread 0x00000265e0b41590 DEOPT UNPACKING pc=0x00000265f07b46a2 sp=0x00000075e50fa8a8 mode 2

Classes loaded (20 events):
Event: 5.434 Loading class java/lang/FloatBeanInfo
Event: 5.434 Loading class java/lang/FloatBeanInfo done
Event: 5.434 Loading class java/lang/FloatBeanInfo
Event: 5.434 Loading class java/lang/FloatBeanInfo done
Event: 5.434 Loading class java/lang/FloatCustomizer
Event: 5.434 Loading class java/lang/FloatCustomizer done
Event: 5.434 Loading class java/lang/FloatCustomizer
Event: 5.434 Loading class java/lang/FloatCustomizer done
Event: 5.436 Loading class jdk/internal/reflect/MethodHandleFloatFieldAccessorImpl
Event: 5.436 Loading class jdk/internal/reflect/MethodHandleFloatFieldAccessorImpl done
Event: 5.439 Loading class java/math/MutableBigInteger
Event: 5.440 Loading class java/math/MutableBigInteger done
Event: 5.442 Loading class java/math/BigDecimalBeanInfo
Event: 5.442 Loading class java/math/BigDecimalBeanInfo done
Event: 5.442 Loading class java/math/BigDecimalBeanInfo
Event: 5.442 Loading class java/math/BigDecimalBeanInfo done
Event: 5.442 Loading class java/math/BigDecimalCustomizer
Event: 5.442 Loading class java/math/BigDecimalCustomizer done
Event: 5.442 Loading class java/math/BigDecimalCustomizer
Event: 5.442 Loading class java/math/BigDecimalCustomizer done

Classes unloaded (0 events):
No events

Classes redefined (0 events):
No events

Internal exceptions (20 events):
Event: 5.388 Thread 0x00000265e0b41590 Exception <a 'java/lang/ClassNotFoundException'{0x0000000086bcfc90}: groovy/json/JsonLexerBeanInfo> (0x0000000086bcfc90) 
thrown [s\src\hotspot\share\classfile\systemDictionary.cpp, line 312]
Event: 5.388 Thread 0x00000265e0b41590 Exception <a 'java/lang/ClassNotFoundException'{0x0000000086bd33d8}: groovy/json/JsonLexerCustomizer> (0x0000000086bd33d8) 
thrown [s\src\hotspot\share\classfile\systemDictionary.cpp, line 312]
Event: 5.395 Thread 0x00000265e0b41590 Exception <a 'java/lang/ClassNotFoundException'{0x0000000086bf09d8}: groovy/json/JsonTokenType$1BeanInfo> (0x0000000086bf09d8) 
thrown [s\src\hotspot\share\classfile\systemDictionary.cpp, line 312]
Event: 5.395 Thread 0x00000265e0b41590 Exception <a 'java/lang/ClassNotFoundException'{0x0000000086bf4200}: groovy/json/JsonTokenType$1Customizer> (0x0000000086bf4200) 
thrown [s\src\hotspot\share\classfile\systemDictionary.cpp, line 312]
Event: 5.400 Thread 0x00000265e0b41590 Exception <a 'java/lang/ClassNotFoundException'{0x0000000086a0fd68}: groovy/json/JsonTokenTypeBeanInfo> (0x0000000086a0fd68) 
thrown [s\src\hotspot\share\classfile\systemDictionary.cpp, line 312]
Event: 5.400 Thread 0x00000265e0b41590 Exception <a 'java/lang/ClassNotFoundException'{0x0000000086a13550}: groovy/json/JsonTokenTypeCustomizer> (0x0000000086a13550) 
thrown [s\src\hotspot\share\classfile\systemDictionary.cpp, line 312]
Event: 5.411 Thread 0x00000265e0b41590 Exception <a 'java/lang/ClassNotFoundException'{0x0000000086a41ca0}: org/codehaus/groovy/reflection/CachedMethodBeanInfo> (0x0000000086a41ca0) 
thrown [s\src\hotspot\share\classfile\systemDictionary.cpp, line 312]
Event: 5.412 Thread 0x00000265e0b41590 Exception <a 'java/lang/ClassNotFoundException'{0x0000000086a45c18}: groovy/lang/MetaMethodBeanInfo> (0x0000000086a45c18) 
thrown [s\src\hotspot\share\classfile\systemDictionary.cpp, line 312]
Event: 5.413 Thread 0x00000265e0b41590 Exception <a 'java/lang/ClassNotFoundException'{0x0000000086a49f10}: org/codehaus/groovy/reflection/ParameterTypesBeanInfo> (0x0000000086a49f10) 
thrown [s\src\hotspot\share\classfile\systemDictionary.cpp, line 312]
Event: 5.413 Thread 0x00000265e0b41590 Exception <a 'java/lang/ClassNotFoundException'{0x0000000086a4e238}: org/codehaus/groovy/reflection/ParameterTypesCustomizer> (0x0000000086a4e238) 
thrown [s\src\hotspot\share\classfile\systemDictionary.cpp, line 312]
Event: 5.415 Thread 0x00000265e0b41590 Exception <a 'java/lang/ClassNotFoundException'{0x0000000086a58058}: groovy/lang/MetaMethodCustomizer> (0x0000000086a58058) 
thrown [s\src\hotspot\share\classfile\systemDictionary.cpp, line 312]
Event: 5.416 Thread 0x00000265e0b41590 Exception <a 'java/lang/ClassNotFoundException'{0x0000000086a69668}: org/codehaus/groovy/reflection/CachedMethodCustomizer> (0x0000000086a69668) 
thrown [s\src\hotspot\share\classfile\systemDictionary.cpp, line 312]
Event: 5.422 Thread 0x00000265e0b41590 Exception <a 'java/lang/ClassNotFoundException'{0x0000000086a9ab98}: io/restassured/path/json/config/JsonPathConfig$NumberReturnTypeBeanInfo> (0x0000000086a9ab98) 
thrown [s\src\hotspot\share\classfile\systemDictionary.cpp, line 312]
Event: 5.423 Thread 0x00000265e0b41590 Exception <a 'java/lang/ClassNotFoundException'{0x0000000086a9ec40}: io/restassured/path/json/config/JsonPathConfig$NumberReturnTypeCustomizer> (0x0000000086a9ec40) 
thrown [s\src\hotspot\share\classfile\systemDictionary.cpp, line 312]
Event: 5.434 Thread 0x00000265e0b41590 Exception <a 'java/lang/ClassNotFoundException'{0x0000000086ad21c8}: java/lang/FloatBeanInfo> (0x0000000086ad21c8) 
thrown [s\src\hotspot\share\classfile\systemDictionary.cpp, line 312]
Event: 5.434 Thread 0x00000265e0b41590 Exception <a 'java/lang/ClassNotFoundException'{0x0000000086ad3eb0}: java/lang/FloatCustomizer> (0x0000000086ad3eb0) 
thrown [s\src\hotspot\share\classfile\systemDictionary.cpp, line 312]
Event: 5.437 Thread 0x00000265e0b41590 Exception <a 'java/lang/NoSuchMethodError'{0x0000000086ae6de8}: 'float java.lang.invoke.DirectMethodHandle$Holder.invokeSpecial(java.lang.Object, java.lang.Object)'> (0x0000000086ae6de8) 
thrown [s\src\hotspot\share\interpreter\linkResolver.cpp, line 773]
Event: 5.437 Thread 0x00000265e0b41590 Exception <a 'java/lang/NoSuchMethodError'{0x0000000086aeab28}: 'float java.lang.invoke.Invokers$Holder.invokeExact_MT(java.lang.Object, java.lang.Object)'> (0x0000000086aeab28) 
thrown [s\src\hotspot\share\interpreter\linkResolver.cpp, line 773]
Event: 5.442 Thread 0x00000265e0b41590 Exception <a 'java/lang/ClassNotFoundException'{0x000000008690a920}: java/math/BigDecimalBeanInfo> (0x000000008690a920) 
thrown [s\src\hotspot\share\classfile\systemDictionary.cpp, line 312]
Event: 5.442 Thread 0x00000265e0b41590 Exception <a 'java/lang/ClassNotFoundException'{0x000000008690c610}: java/math/BigDecimalCustomizer> (0x000000008690c610) 
thrown [s\src\hotspot\share\classfile\systemDictionary.cpp, line 312]

ZGC Phase Switch (0 events):
No events

VM Operations (20 events):
Event: 4.137 Executing VM operation: HandshakeAllThreads (Deoptimize) done
Event: 4.226 Executing VM operation: HandshakeAllThreads (Deoptimize)
Event: 4.227 Executing VM operation: HandshakeAllThreads (Deoptimize) done
Event: 4.239 Executing VM operation: ICBufferFull
Event: 4.240 Executing VM operation: ICBufferFull done
Event: 4.277 Executing VM operation: HandshakeAllThreads (Deoptimize)
Event: 4.277 Executing VM operation: HandshakeAllThreads (Deoptimize) done
Event: 5.202 Executing VM operation: ICBufferFull
Event: 5.202 Executing VM operation: ICBufferFull done
Event: 5.330 Executing VM operation: HandshakeAllThreads (Deoptimize)
Event: 5.330 Executing VM operation: HandshakeAllThreads (Deoptimize) done
Event: 5.346 Executing VM operation: HandshakeAllThreads (Deoptimize)
Event: 5.346 Executing VM operation: HandshakeAllThreads (Deoptimize) done
Event: 5.357 Executing VM operation: HandshakeAllThreads (Deoptimize)
Event: 5.357 Executing VM operation: HandshakeAllThreads (Deoptimize) done
Event: 5.380 Executing VM operation: HandshakeAllThreads (Deoptimize)
Event: 5.380 Executing VM operation: HandshakeAllThreads (Deoptimize) done
Event: 5.601 Executing VM operation: G1CollectForAllocation (G1 Evacuation Pause)
Event: 5.631 Executing VM operation: G1CollectForAllocation (G1 Evacuation Pause) done
Event: 6.357 Executing VM operation: G1CollectForAllocation (G1 Evacuation Pause)

Events (14 events):
Event: 0.072 Thread 0x00000265e0b41590 Thread added: 0x00000265e0b41590
Event: 0.119 Thread 0x00000265fd6c6760 Thread added: 0x00000265fd6c6760
Event: 0.119 Thread 0x00000265fd6c8ca0 Thread added: 0x00000265fd6c8ca0
Event: 0.119 Thread 0x00000265fd6c9fd0 Thread added: 0x00000265fd6c9fd0
Event: 0.119 Thread 0x00000265fd6cdcb0 Thread added: 0x00000265fd6cdcb0
Event: 0.119 Thread 0x00000265fd6ce710 Thread added: 0x00000265fd6ce710
Event: 0.119 Thread 0x00000265fd6cf170 Thread added: 0x00000265fd6cf170
Event: 0.119 Thread 0x00000265fd6cff00 Thread added: 0x00000265fd6cff00
Event: 0.135 Thread 0x00000265fd6d0db0 Thread added: 0x00000265fd6d0db0
Event: 0.250 Thread 0x00000265fd71ba30 Thread added: 0x00000265fd71ba30
Event: 0.363 Thread 0x00000265fdaa0d00 Thread added: 0x00000265fdaa0d00
Event: 0.363 Thread 0x00000265fda24260 Thread added: 0x00000265fda24260
Event: 3.536 Thread 0x00000265fe7faa40 Thread added: 0x00000265fe7faa40
Event: 3.537 Thread 0x00000265fe6f8040 Thread added: 0x00000265fe6f8040


Dynamic libraries:
0x00007ff75d3b0000 - 0x00007ff75d3be000 	C:\Program Files\Microsoft\jdk-21.0.3.9-hotspot\bin\java.exe
0x00007fffd84b0000 - 0x00007fffd86a8000 	C:\WINDOWS\SYSTEM32\ntdll.dll
0x00007fffd6690000 - 0x00007fffd674d000 	C:\WINDOWS\System32\KERNEL32.DLL
0x00007fffd5e40000 - 0x00007fffd6136000 	C:\WINDOWS\System32\KERNELBASE.dll
0x00007fffd5b70000 - 0x00007fffd5c70000 	C:\WINDOWS\System32\ucrtbase.dll
0x00007fffcd0b0000 - 0x00007fffcd0cb000 	C:\Program Files\Microsoft\jdk-21.0.3.9-hotspot\bin\VCRUNTIME140.dll
0x00007fffcd090000 - 0x00007fffcd0a8000 	C:\Program Files\Microsoft\jdk-21.0.3.9-hotspot\bin\jli.dll
0x00007fffd82d0000 - 0x00007fffd846f000 	C:\WINDOWS\System32\USER32.dll
0x00007fffd5e10000 - 0x00007fffd5e32000 	C:\WINDOWS\System32\win32u.dll
0x00007fffd64f0000 - 0x00007fffd651b000 	C:\WINDOWS\System32\GDI32.dll
0x00007fffd6330000 - 0x00007fffd6447000 	C:\WINDOWS\System32\gdi32full.dll
0x00007fffd6450000 - 0x00007fffd64ed000 	C:\WINDOWS\System32\msvcp_win.dll
0x00007fffba150000 - 0x00007fffba3ea000 	C:\WINDOWS\WinSxS\amd64_microsoft.windows.common-controls_6595b64144ccf1df_6.0.19041.4355_none_60b8b9eb71f62e16\COMCTL32.dll
0x00007fffd6880000 - 0x00007fffd691e000 	C:\WINDOWS\System32\msvcrt.dll
0x00007fffd69c0000 - 0x00007fffd69ef000 	C:\WINDOWS\System32\IMM32.DLL
0x00007fffcdf00000 - 0x00007fffcdf0c000 	C:\Program Files\Microsoft\jdk-21.0.3.9-hotspot\bin\vcruntime140_1.dll
0x00007fff932b0000 - 0x00007fff9333d000 	C:\Program Files\Microsoft\jdk-21.0.3.9-hotspot\bin\msvcp140.dll
0x00007fff56650000 - 0x00007fff573e4000 	C:\Program Files\Microsoft\jdk-21.0.3.9-hotspot\bin\server\jvm.dll
0x00007fffd65e0000 - 0x00007fffd6690000 	C:\WINDOWS\System32\ADVAPI32.dll
0x00007fffd6f20000 - 0x00007fffd6fc0000 	C:\WINDOWS\System32\sechost.dll
0x00007fffd8080000 - 0x00007fffd81a3000 	C:\WINDOWS\System32\RPCRT4.dll
0x00007fffd5c70000 - 0x00007fffd5c97000 	C:\WINDOWS\System32\bcrypt.dll
0x00007fffd7db0000 - 0x00007fffd7e1b000 	C:\WINDOWS\System32\WS2_32.dll
0x00007fffd5080000 - 0x00007fffd50cb000 	C:\WINDOWS\SYSTEM32\POWRPROF.dll
0x00007fffc9550000 - 0x00007fffc9577000 	C:\WINDOWS\SYSTEM32\WINMM.dll
0x00007fffc9cb0000 - 0x00007fffc9cba000 	C:\WINDOWS\SYSTEM32\VERSION.dll
0x00007fffd4f30000 - 0x00007fffd4f42000 	C:\WINDOWS\SYSTEM32\UMPDC.dll
0x00007fffd4330000 - 0x00007fffd4342000 	C:\WINDOWS\SYSTEM32\kernel.appcore.dll
0x00007fffcd080000 - 0x00007fffcd08a000 	C:\Program Files\Microsoft\jdk-21.0.3.9-hotspot\bin\jimage.dll
0x00007fffd4030000 - 0x00007fffd4214000 	C:\WINDOWS\SYSTEM32\DBGHELP.DLL
0x00007fffbc470000 - 0x00007fffbc4a4000 	C:\WINDOWS\SYSTEM32\dbgcore.DLL
0x00007fffd6140000 - 0x00007fffd61c2000 	C:\WINDOWS\System32\bcryptPrimitives.dll
0x00007fffcafe0000 - 0x00007fffcafee000 	C:\Program Files\Microsoft\jdk-21.0.3.9-hotspot\bin\instrument.dll
0x00007fffccb80000 - 0x00007fffccb9f000 	C:\Program Files\Microsoft\jdk-21.0.3.9-hotspot\bin\java.dll
0x00007fffd6fc0000 - 0x00007fffd772c000 	C:\WINDOWS\System32\SHELL32.dll
0x00007fffd3890000 - 0x00007fffd402d000 	C:\WINDOWS\SYSTEM32\windows.storage.dll
0x00007fffd69f0000 - 0x00007fffd6d43000 	C:\WINDOWS\System32\combase.dll
0x00007fffd5590000 - 0x00007fffd55be000 	C:\WINDOWS\SYSTEM32\Wldp.dll
0x00007fffd7810000 - 0x00007fffd78dd000 	C:\WINDOWS\System32\OLEAUT32.dll
0x00007fffd7e20000 - 0x00007fffd7ecd000 	C:\WINDOWS\System32\SHCORE.dll
0x00007fffd7730000 - 0x00007fffd7785000 	C:\WINDOWS\System32\shlwapi.dll
0x00007fffd5aa0000 - 0x00007fffd5ac4000 	C:\WINDOWS\SYSTEM32\profapi.dll
0x00007fff931d0000 - 0x00007fff932a7000 	C:\Program Files\Microsoft\jdk-21.0.3.9-hotspot\bin\jsvml.dll
0x00007fffcaff0000 - 0x00007fffcb008000 	C:\Program Files\Microsoft\jdk-21.0.3.9-hotspot\bin\zip.dll
0x00007fffcd070000 - 0x00007fffcd080000 	C:\Program Files\Microsoft\jdk-21.0.3.9-hotspot\bin\net.dll
0x00007fffcf470000 - 0x00007fffcf57a000 	C:\WINDOWS\SYSTEM32\WINHTTP.dll
0x00007fffd52d0000 - 0x00007fffd533a000 	C:\WINDOWS\system32\mswsock.dll
0x00007fffcd040000 - 0x00007fffcd056000 	C:\Program Files\Microsoft\jdk-21.0.3.9-hotspot\bin\nio.dll
0x00007fffb9dc0000 - 0x00007fffb9dda000 	C:\Users\Maksim Safonov\AppData\Local\Programs\IntelliJ IDEA Community Edition\bin\breakgen64.dll
0x00007fffbe5e0000 - 0x00007fffbe5e9000 	C:\Program Files\Microsoft\jdk-21.0.3.9-hotspot\bin\extnet.dll
0x00007fffc52c0000 - 0x00007fffc52d0000 	C:\Program Files\Microsoft\jdk-21.0.3.9-hotspot\bin\verify.dll
0x00007fffc5110000 - 0x00007fffc511e000 	C:\Program Files\Microsoft\jdk-21.0.3.9-hotspot\bin\sunmscapi.dll
0x00007fffd61d0000 - 0x00007fffd632e000 	C:\WINDOWS\System32\CRYPT32.dll
0x00007fffd5600000 - 0x00007fffd5629000 	C:\WINDOWS\SYSTEM32\ncrypt.dll
0x00007fffd55c0000 - 0x00007fffd55fb000 	C:\WINDOWS\SYSTEM32\NTASN1.dll
0x00007fffd54f0000 - 0x00007fffd5508000 	C:\WINDOWS\SYSTEM32\CRYPTSP.dll
0x00007fffd4b60000 - 0x00007fffd4b94000 	C:\WINDOWS\system32\rsaenh.dll
0x00007fffd5a50000 - 0x00007fffd5a7e000 	C:\WINDOWS\SYSTEM32\USERENV.dll
0x00007fffd54e0000 - 0x00007fffd54ec000 	C:\WINDOWS\SYSTEM32\CRYPTBASE.dll
0x00007fffd4f50000 - 0x00007fffd4f8b000 	C:\WINDOWS\SYSTEM32\IPHLPAPI.DLL
0x00007fffd8010000 - 0x00007fffd8018000 	C:\WINDOWS\System32\NSI.dll

dbghelp: loaded successfully - version: 4.0.5 - missing functions: none
symbol engine: initialized successfully - sym options: 0x614 - pdb path: .;C:\Program Files\Microsoft\jdk-21.0.3.9-hotspot\bin;C:\WINDOWS\SYSTEM32;C:\WINDOWS\WinSxS\amd64_microsoft.windows.common-controls_6595b64144ccf1df_6.0.19041.4355_none_60b8b9eb71f62e16;C:\Program Files\Microsoft\jdk-21.0.3.9-hotspot\bin\server;C:\Users\Maksim Safonov\AppData\Local\Programs\IntelliJ IDEA Community Edition\bin

VM Arguments:
jvm_args: -ea -Didea.test.cyclic.buffer.size=1048576 -javaagent:C:\Users\Maksim Safonov\AppData\Local\Programs\IntelliJ IDEA Community Edition\lib\idea_rt.jar=58757:C:\Users\Maksim Safonov\AppData\Local\Programs\IntelliJ IDEA Community Edition\bin -Dfile.encoding=UTF-8 -Dsun.stdout.encoding=UTF-8 -Dsun.stderr.encoding=UTF-8 
java_command: com.intellij.rt.junit.JUnitStarter -ideVersion5 -junit5 UserTests,getUsersList
java_class_path (initial): C:\Users\Maksim Safonov\AppData\Local\Programs\IntelliJ IDEA Community Edition\lib\idea_rt.jar;C:\Users\Maksim Safonov\AppData\Local\Programs\IntelliJ IDEA Community Edition\plugins\junit\lib\junit5-rt.jar;C:\Users\Maksim Safonov\AppData\Local\Programs\IntelliJ IDEA Community Edition\plugins\junit\lib\junit-rt.jar;C:\Users\Maksim Safonov\IdeaProjects\PolygonAPITesting\target\test-classes;C:\Users\Maksim Safonov\IdeaProjects\PolygonAPITesting\target\classes;C:\Users\Maksim Safonov\.m2\repository\org\junit\jupiter\junit-jupiter-engine\5.10.2\junit-jupiter-engine-5.10.2.jar;C:\Users\Maksim Safonov\.m2\repository\org\junit\platform\junit-platform-engine\1.10.2\junit-platform-engine-1.10.2.jar;C:\Users\Maksim Safonov\.m2\repository\org\opentest4j\opentest4j\1.3.0\opentest4j-1.3.0.jar;C:\Users\Maksim Safonov\.m2\repository\org\junit\platform\junit-platform-commons\1.10.2\junit-platform-commons-1.10.2.jar;C:\Users\Maksim Safonov\.m2\repository\org\junit\jupiter\junit-jupiter-api\5.10.2\junit-jupiter-api-5.10.2.jar;C:\Users\Maksim Safonov\.m2\repository\org\apiguardian\apiguardian-api\1.1.2\apiguardian-api-1.1.2.jar;C:\Users\Maksim Safonov\.m2\repository\org\junit\jupiter\junit-jupiter-params\5.10.2\junit-jupiter-params-5.10.2.jar;C:\Users\Maksim Safonov\.m2\repository\com\fasterxml\jackson\core\jackson-databind\2.13.1\jackson-databind-2.13.1.jar;C:\Users\Maksim Safonov\.m2\repository\com\fasterxml\jackson\core\jackson-annotations\2.13.1\jackson-annotations-2.13.1.jar;C:\Users\Maksim Safonov\.m2\repository\com\fasterxml\jackson\core\jackson-core\2.13.1\jackson-core-2.13.1.jar;C:\Users\Maksim Safonov\.m2\repository\com\google\code\gson\gson\2.8.9\gson-2.8.9.jar;C:\Users\Maksim Safonov\.m2\repository\org\junit\platform\junit-platform-launcher\1.10.2\junit-platform-launcher-1.10.2.jar;C:\Users\Maksim Safonov\.m2\repository\io\rest-assured\rest-assured\5.5.0\rest-assured-5.5.0.jar;C:\Users\Maksim Safonov\.m2\repository\org\apache\groovy\groovy\4.0.22\groovy-4.0.22.jar;C:\Users\Maksim Safonov\.m2\repository\org\apache\groovy\groovy-xml\4.0.22\groovy-xml-4.0.22.jar;C:\Users\Maksim Safonov\.m2\repository\org\apache\httpcomponents\httpclient\4.5.13\httpclient-4.5.13.jar;C:\Users\Maksim Safonov\.m2\repository\org\apache\httpcomponents\httpcore\4.4.13\httpcore-4.4.13.jar;C:\Users\Maksim Safonov\.m2\repository\commons-logging\commons-logging\1.2\commons-logging-1.2.jar;C:\Users\Maksim Safonov\.m2\repository\commons-codec\commons-codec\1.11\commons-codec-1.11.jar;C:\Users\Maksim Safonov\.m2\repository\org\apache\httpcomponents\httpmime\4.5.13\httpmime-4.5.13.jar;C:\Users\Maksim Safonov\.m2\repository\org\hamcrest\hamcrest\2.2\hamcrest-2.2.jar;C:\Users\Maksim Safonov\.m2\repository\org\ccil\cowan\tagsoup\tagsoup\1.2.1\tagsoup-1.2.1.jar;C:\Users\Maksim Safonov\.m2\repository\io\rest-assured\json-path\5.5.0\json-path-5.5.0.jar;C:\Users\Maksim Safonov\.m2\repository\org\apache\groovy\groovy-json\4.0.22\groovy-json-4.0.22.jar;C:\Users\Maksim Safonov\.m2\repository\io\rest-assured\rest-assured-common\5.5.0\rest-assured-common-5.5.0.jar;C:\Users\Maksim Safonov\.m2\repository\io\rest-assured\xml-path\5.5.0\xml-path-5.5.0.jar;C:\Users\Maksim Safonov\.m2\repository\org\apache\commons\commons-lang3\3.11\commons-lang3-3.11.jar
Launcher Type: SUN_STANDARD

[Global flags]
     intx CICompilerCount                          = 4                                         {product} {ergonomic}
     uint ConcGCThreads                            = 2                                         {product} {ergonomic}
     uint G1ConcRefinementThreads                  = 8                                         {product} {ergonomic}
   size_t G1HeapRegionSize                         = 1048576                                   {product} {ergonomic}
    uintx GCDrainStackTargetSize                   = 64                                        {product} {ergonomic}
   size_t InitialHeapSize                          = 132120576                                 {product} {ergonomic}
   size_t MarkStackSize                            = 4194304                                   {product} {ergonomic}
   size_t MaxHeapSize                              = 2105540608                                {product} {ergonomic}
   size_t MaxNewSize                               = 1262485504                                {product} {ergonomic}
   size_t MinHeapDeltaBytes                        = 1048576                                   {product} {ergonomic}
   size_t MinHeapSize                              = 8388608                                   {product} {ergonomic}
    uintx NonNMethodCodeHeapSize                   = 5839372                                {pd product} {ergonomic}
    uintx NonProfiledCodeHeapSize                  = 122909434                              {pd product} {ergonomic}
    uintx ProfiledCodeHeapSize                     = 122909434                              {pd product} {ergonomic}
    uintx ReservedCodeCacheSize                    = 251658240                              {pd product} {ergonomic}
     bool SegmentedCodeCache                       = true                                      {product} {ergonomic}
   size_t SoftMaxHeapSize                          = 2105540608                             {manageable} {ergonomic}
     bool UseCompressedOops                        = true                           {product lp64_product} {ergonomic}
     bool UseG1GC                                  = true                                      {product} {ergonomic}
     bool UseLargePagesIndividualAllocation        = false                                  {pd product} {ergonomic}

Logging:
Log output configuration:
 #0: stdout all=warning uptime,level,tags foldmultilines=false
 #1: stderr all=off uptime,level,tags foldmultilines=false

Environment Variables:
JAVA_HOME=C:\Program Files\Microsoft\jdk-21.0.3.9-hotspot\
PATH=C:\Program Files\Microsoft\jdk-21.0.3.9-hotspot\bin;C:\Program Files (x86)\Common Files\Intel\Shared Libraries\redist\intel64\compiler;C:\Program Files\Microsoft\jdk-11.0.12.7-hotspot\bin;C:\Windows\system32;C:\Windows;C:\Windows\System32\Wbem;C:\Windows\System32\WindowsPowerShell\v1.0\;C:\Windows\System32\OpenSSH\;C:\Program Files (x86)\NVIDIA Corporation\PhysX\Common;C:\Program Files\NVIDIA Corporation\NVIDIA NvDLISR;C:\WINDOWS\system32;C:\WINDOWS;C:\WINDOWS\System32\Wbem;C:\WINDOWS\System32\WindowsPowerShell\v1.0\;C:\WINDOWS\System32\OpenSSH\;C:\Program Files\dotnet\;C:\Program Files\Azure Data Studio\bin;C:\Program Files (x86)\Microsoft SQL Server\150\Tools\Binn\;C:\Program Files\Microsoft SQL Server\150\Tools\Binn\;C:\Program Files (x86)\Microsoft SQL Server\150\DTS\Binn\;C:\Program Files\Microsoft SQL Server\150\DTS\Binn\;C:\Program Files\Microsoft SQL Server\Client SDK\ODBC\170\Tools\Binn\;C:\Program Files (x86)\Microsoft SQL Server\160\DTS\Binn\;C:\Program Files\Git\cmd;C:\Program Files (x86)\Windows Kits\10\Windows Performance Toolkit\;C:\Users\Maksim Safonov\AppData\Local\Microsoft\WindowsApps;C:\Users\Maksim Safonov\.dotnet\tools;C:\Users\Maksim Safonov\AppData\Local\GitHubDesktop\bin;C:\Users\Maksim Safonov\AppData\Local\Programs\Microsoft VS Code\bin;C:\Users\Maksim Safonov\AppData\Local\JetBrains\Toolbox\scripts;C:\Users\Maksim Safonov\.dotnet\tools;C:\Users\Maksim Safonov\AppData\Local\Programs\Fiddler;C:\Program Files\Microsoft\jdk-21.0.3.9-hotspot\\bin;C:\Users\Maksim Safonov\.dotnet\tools
USERNAME=Maksim Safonov
OS=Windows_NT
PROCESSOR_IDENTIFIER=Intel64 Family 6 Model 142 Stepping 12, GenuineIntel
TMP=C:\Users\MAKSIM~1\AppData\Local\Temp
TEMP=C:\Users\MAKSIM~1\AppData\Local\Temp




Periodic native trim disabled

---------------  S Y S T E M  ---------------

OS:
 Windows 10 , 64 bit Build 19041 (10.0.19041.3636)
OS uptime: 7 days 23:38 hours
Hyper-V role detected

CPU: total 8 (initial active 8) (4 cores per cpu, 2 threads per core) family 6 model 142 stepping 12 microcode 0xde, cx8, cmov, fxsr, ht, mmx, 3dnowpref, sse, sse2, sse3, ssse3, sse4.1, sse4.2, popcnt, lzcnt, tsc, tscinvbit, avx, avx2, aes, erms, clmul, bmi1, bmi2, adx, fma, vzeroupper, clflush, clflushopt, hv, rdtscp, f16c
Processor Information for all 8 processors :
  Max Mhz: 2112, Current Mhz: 1609, Mhz Limit: 1605

Memory: 4k page, system-wide physical 8025M (253M free)
TotalPageFile size 32601M (AvailPageFile size 2M)
current process WorkingSet (physical memory assigned to process): 196M, peak: 196M
current process commit charge ("private bytes"): 266M, peak: 268M

vm_info: OpenJDK 64-Bit Server VM (21.0.3+9-LTS) for windows-amd64 JRE (21.0.3+9-LTS), built on 2024-04-10T01:25:38Z by "MicrosoftCorporation" with MS VC++ 16.10 / 16.11 (VS2019)

END.
